2025-05-31 10:35:20,175 - main - INFO - Starting experiment with config: configs/example_cnn.yaml
2025-05-31 10:35:20,175 - main - INFO - Mode: train
2025-05-31 10:35:20,175 - main - INFO - Output directory: ./outputs/cnn_experiment
2025-05-31 10:35:20,175 - main - ERROR - Error during execution: BaseModel.__init__() missing 1 required positional argument: 'config'
2025-05-31 10:38:11,456 - main - INFO - Starting experiment with config: configs/example_cnn.yaml
2025-05-31 10:38:11,456 - main - INFO - Mode: train
2025-05-31 10:38:11,456 - main - INFO - Output directory: ./outputs/cnn_experiment
2025-05-31 10:38:11,456 - main - ERROR - Error during execution: BaseModel.__init__() missing 1 required positional argument: 'config'
2025-05-31 10:38:32,072 - main - INFO - Starting experiment with config: configs/example_cnn.yaml
2025-05-31 10:38:32,072 - main - INFO - Mode: train
2025-05-31 10:38:32,072 - main - INFO - Output directory: ./outputs/cnn_experiment
2025-05-31 10:38:32,072 - main - ERROR - Error during execution: BaseModel.__init__() missing 1 required positional argument: 'config'
2025-05-31 10:40:02,693 - main - INFO - Starting experiment with config: configs/example_cnn.yaml
2025-05-31 10:40:02,693 - main - INFO - Mode: train
2025-05-31 10:40:02,693 - main - INFO - Output directory: ./outputs/cnn_experiment
2025-05-31 10:40:02,694 - main - ERROR - Error during execution: BaseModel.__init__() missing 1 required positional argument: 'config'
2025-05-31 10:40:16,302 - main - INFO - Starting experiment with config: configs/example_cnn.yaml
2025-05-31 10:40:16,302 - main - INFO - Mode: train
2025-05-31 10:40:16,302 - main - INFO - Output directory: ./outputs/cnn_experiment
2025-05-31 10:40:16,302 - main - ERROR - Error during execution: BaseModel.__init__() missing 1 required positional argument: 'config'
2025-05-31 10:43:53,195 - main - INFO - Starting experiment with config: configs/example_cnn.yaml
2025-05-31 10:43:53,195 - main - INFO - Mode: train
2025-05-31 10:43:53,196 - main - INFO - Output directory: ./outputs/cnn_experiment
2025-05-31 10:43:53,399 - main - ERROR - Error during execution: Can't instantiate abstract class DummyImageDataset without an implementation for abstract method 'preprocess'
